0 info it worked if it ends with ok
1 verbose cli [ 'C:\\Program Files\\nodejs\\node.exe',
1 verbose cli   'C:\\Program Files\\nodejs\\node_modules\\npm\\bin\\npm-cli.js',
1 verbose cli   'start' ]
2 info using npm@3.7.3
3 info using node@v5.9.0
4 verbose run-script [ 'prestart', 'start', 'poststart' ]
5 info lifecycle multi-catalog-search@0.0.1~prestart: multi-catalog-search@0.0.1
6 verbose lifecycle multi-catalog-search@0.0.1~prestart: unsafe-perm in lifecycle true
7 verbose lifecycle multi-catalog-search@0.0.1~prestart: PATH: C:\Program Files\nodejs\node_modules\npm\bin\node-gyp-bin;C:\Dev\AngelFucker\untitled\node_modules\.bin;C:\Program Files\nodejs;C:\ProgramData\Oracle\Java\javapath;C:\WINDOWS\system32;C:\WINDOWS;C:\WINDOWS\System32\Wbem;C:\WINDOWS\System32\WindowsPowerShell\v1.0\;C:\Program Files (x86)\Heroku\bin;C:\Program Files (x86)\git\cmd;C:\mongodb\bin;C:\Program Files (x86)\Skype\Phone\;C:\Program Files\nodejs\;C:\Program Files\TortoiseGit\bin;C:\Users\Cyril\AppData\Local\Programs\Python\Python35\Scripts\;C:\Users\Cyril\AppData\Local\Programs\Python\Python35\;C:\Program Files (x86)\Google\Chrome\Application;C:\WINDOWS\system32;C:\WINDOWS;C:\WINDOWS\System32\Wbem;C:\WINDOWS\System32\WindowsPowerShell\v1.0\;C:\Users\Cyril\AppData\Local\Programs\Git\cmd;C:\Users\Cyril\AppData\Local\Box\Box Edit\;C:\Users\Cyril\AppData\Roaming\npm
8 verbose lifecycle multi-catalog-search@0.0.1~prestart: CWD: C:\Dev\AngelFucker\untitled
9 silly lifecycle multi-catalog-search@0.0.1~prestart: Args: [ '/d /s /c', 'npm install' ]
10 silly lifecycle multi-catalog-search@0.0.1~prestart: Returned: code: 0  signal: null
11 info lifecycle multi-catalog-search@0.0.1~start: multi-catalog-search@0.0.1
12 verbose lifecycle multi-catalog-search@0.0.1~start: unsafe-perm in lifecycle true
13 verbose lifecycle multi-catalog-search@0.0.1~start: PATH: C:\Program Files\nodejs\node_modules\npm\bin\node-gyp-bin;C:\Dev\AngelFucker\untitled\node_modules\.bin;C:\Program Files\nodejs;C:\ProgramData\Oracle\Java\javapath;C:\WINDOWS\system32;C:\WINDOWS;C:\WINDOWS\System32\Wbem;C:\WINDOWS\System32\WindowsPowerShell\v1.0\;C:\Program Files (x86)\Heroku\bin;C:\Program Files (x86)\git\cmd;C:\mongodb\bin;C:\Program Files (x86)\Skype\Phone\;C:\Program Files\nodejs\;C:\Program Files\TortoiseGit\bin;C:\Users\Cyril\AppData\Local\Programs\Python\Python35\Scripts\;C:\Users\Cyril\AppData\Local\Programs\Python\Python35\;C:\Program Files (x86)\Google\Chrome\Application;C:\WINDOWS\system32;C:\WINDOWS;C:\WINDOWS\System32\Wbem;C:\WINDOWS\System32\WindowsPowerShell\v1.0\;C:\Users\Cyril\AppData\Local\Programs\Git\cmd;C:\Users\Cyril\AppData\Local\Box\Box Edit\;C:\Users\Cyril\AppData\Roaming\npm
14 verbose lifecycle multi-catalog-search@0.0.1~start: CWD: C:\Dev\AngelFucker\untitled
15 silly lifecycle multi-catalog-search@0.0.1~start: Args: [ '/d /s /c', 'http-server -p 9999' ]
16 silly lifecycle multi-catalog-search@0.0.1~start: Returned: code: 1  signal: null
17 info lifecycle multi-catalog-search@0.0.1~start: Failed to exec start script
18 verbose stack Error: multi-catalog-search@0.0.1 start: `http-server -p 9999`
18 verbose stack Exit status 1
18 verbose stack     at EventEmitter.<anonymous> (C:\Program Files\nodejs\node_modules\npm\lib\utils\lifecycle.js:239:16)
18 verbose stack     at emitTwo (events.js:100:13)
18 verbose stack     at EventEmitter.emit (events.js:185:7)
18 verbose stack     at ChildProcess.<anonymous> (C:\Program Files\nodejs\node_modules\npm\lib\utils\spawn.js:24:14)
18 verbose stack     at emitTwo (events.js:100:13)
18 verbose stack     at ChildProcess.emit (events.js:185:7)
18 verbose stack     at maybeClose (internal/child_process.js:850:16)
18 verbose stack     at Process.ChildProcess._handle.onexit (internal/child_process.js:215:5)
19 verbose pkgid multi-catalog-search@0.0.1
20 verbose cwd C:\Dev\AngelFucker\untitled
21 error Windows_NT 10.0.10586
22 error argv "C:\\Program Files\\nodejs\\node.exe" "C:\\Program Files\\nodejs\\node_modules\\npm\\bin\\npm-cli.js" "start"
23 error node v5.9.0
24 error npm  v3.7.3
25 error code ELIFECYCLE
26 error multi-catalog-search@0.0.1 start: `http-server -p 9999`
26 error Exit status 1
27 error Failed at the multi-catalog-search@0.0.1 start script 'http-server -p 9999'.
27 error Make sure you have the latest version of node.js and npm installed.
27 error If you do, this is most likely a problem with the multi-catalog-search package,
27 error not with npm itself.
27 error Tell the author that this fails on your system:
27 error     http-server -p 9999
27 error You can get information on how to open an issue for this project with:
27 error     npm bugs multi-catalog-search
27 error Or if that isn't available, you can get their info via:
27 error     npm owner ls multi-catalog-search
27 error There is likely additional logging output above.
28 verbose exit [ 1, true ]
